<?xml version="1.0" encoding="UTF-8" ?>
<testsuite failures="0" time="0.031" errors="1" skipped="0" tests="1" name="location.velos.AppTest">
  <properties>
    <property name="java.runtime.name" value="Java(TM) SE Runtime Environment"/>
    <property name="sun.boot.library.path" value="D:\TechnoMaker\Java\bin"/>
    <property name="java.vm.version" value="20.2-b06"/>
    <property name="java.vm.vendor" value="Sun Microsystems Inc."/>
    <property name="java.vendor.url" value="http://java.sun.com/"/>
    <property name="path.separator" value=";"/>
    <property name="java.vm.name" value="Java HotSpot(TM) Client VM"/>
    <property name="file.encoding.pkg" value="sun.io"/>
    <property name="user.country" value="FR"/>
    <property name="sun.java.launcher" value="SUN_STANDARD"/>
    <property name="sun.os.patch.level" value="Service Pack 2"/>
    <property name="java.vm.specification.name" value="Java Virtual Machine Specification"/>
    <property name="user.dir" value="D:\TechnoMaker\workspace\velos"/>
    <property name="java.runtime.version" value="1.6.0_27-b07"/>
    <property name="java.awt.graphicsenv" value="sun.awt.Win32GraphicsEnvironment"/>
    <property name="basedir" value="D:\TechnoMaker\workspace\velos"/>
    <property name="java.endorsed.dirs" value="D:\TechnoMaker\Java\lib\endorsed"/>
    <property name="os.arch" value="x86"/>
    <property name="surefire.real.class.path" value="C:\DOCUME~1\TECHNO~1\LOCALS~1\Temp\surefirebooter7558726700820873280.jar"/>
    <property name="java.io.tmpdir" value="C:\DOCUME~1\TECHNO~1\LOCALS~1\Temp\"/>
    <property name="line.separator" value="
"/>
    <property name="java.vm.specification.vendor" value="Sun Microsystems Inc."/>
    <property name="user.variant" value=""/>
    <property name="os.name" value="Windows XP"/>
    <property name="sun.jnu.encoding" value="Cp1252"/>
    <property name="java.library.path" value="D:\TechnoMaker\Java\bin;C:\WINDOWS\Sun\Java\bin;C:\WINDOWS\system32;C:\WINDOWS;D:/TechnoMaker/Java/bin/client;D:/TechnoMaker/Java/bin;D:/TechnoMaker/Java/lib/i386;C:\WINDOWS\system32;C:\WINDOWS;C:\WINDOWS\System32\Wbem;C:\Program Files\Java\jdk1.6.0_27\bin;D:\TechnoMaker\apache-ant-1.8.2\bin;D:\TechnoMaker\apache-maven-3.0.3\bin;D:\TechnoMaker\springsource\sts-2.7.1.RELEASE;;."/>
    <property name="surefire.test.class.path" value="D:\TechnoMaker\workspace\velos\target\test-classes;D:\TechnoMaker\workspace\velos\target\classes;C:\Documents and Settings\technomaker05\.m2\repository\junit\junit\4.8.2\junit-4.8.2.jar;C:\Documents and Settings\technomaker05\.m2\repository\org\hsqldb\hsqldb\2.2.4\hsqldb-2.2.4.jar;"/>
    <property name="java.specification.name" value="Java Platform API Specification"/>
    <property name="java.class.version" value="50.0"/>
    <property name="sun.management.compiler" value="HotSpot Client Compiler"/>
    <property name="os.version" value="5.1"/>
    <property name="user.home" value="C:\Documents and Settings\technomaker05"/>
    <property name="user.timezone" value=""/>
    <property name="java.awt.printerjob" value="sun.awt.windows.WPrinterJob"/>
    <property name="java.specification.version" value="1.6"/>
    <property name="file.encoding" value="Cp1252"/>
    <property name="user.name" value="technomaker05"/>
    <property name="java.class.path" value="D:\TechnoMaker\workspace\velos\target\test-classes;D:\TechnoMaker\workspace\velos\target\classes;C:\Documents and Settings\technomaker05\.m2\repository\junit\junit\4.8.2\junit-4.8.2.jar;C:\Documents and Settings\technomaker05\.m2\repository\org\hsqldb\hsqldb\2.2.4\hsqldb-2.2.4.jar;"/>
    <property name="java.vm.specification.version" value="1.0"/>
    <property name="sun.arch.data.model" value="32"/>
    <property name="java.home" value="D:\TechnoMaker\Java"/>
    <property name="sun.java.command" value="C:\DOCUME~1\TECHNO~1\LOCALS~1\Temp\surefirebooter7558726700820873280.jar C:\DOCUME~1\TECHNO~1\LOCALS~1\Temp\surefire6783913712796471400tmp C:\DOCUME~1\TECHNO~1\LOCALS~1\Temp\surefire6454311989536588244tmp"/>
    <property name="java.specification.vendor" value="Sun Microsystems Inc."/>
    <property name="user.language" value="fr"/>
    <property name="awt.toolkit" value="sun.awt.windows.WToolkit"/>
    <property name="java.vm.info" value="mixed mode"/>
    <property name="java.version" value="1.6.0_27"/>
    <property name="java.ext.dirs" value="D:\TechnoMaker\Java\lib\ext;C:\WINDOWS\Sun\Java\lib\ext"/>
    <property name="sun.boot.class.path" value="D:\TechnoMaker\Java\lib\resources.jar;D:\TechnoMaker\Java\lib\rt.jar;D:\TechnoMaker\Java\lib\sunrsasign.jar;D:\TechnoMaker\Java\lib\jsse.jar;D:\TechnoMaker\Java\lib\jce.jar;D:\TechnoMaker\Java\lib\charsets.jar;D:\TechnoMaker\Java\lib\modules\jdk.boot.jar;D:\TechnoMaker\Java\classes"/>
    <property name="java.vendor" value="Sun Microsystems Inc."/>
    <property name="localRepository" value="C:\Documents and Settings\technomaker05\.m2\repository"/>
    <property name="file.separator" value="\"/>
    <property name="java.vendor.url.bug" value="http://java.sun.com/cgi-bin/bugreport.cgi"/>
    <property name="sun.cpu.endian" value="little"/>
    <property name="sun.io.unicode.encoding" value="UnicodeLittle"/>
    <property name="sun.desktop" value="windows"/>
    <property name="sun.cpu.isalist" value=""/>
  </properties>
  <testcase time="0" classname="location.velos.AppTest" name="initializationError">
    <error message="Test" type="java.lang.NoClassDefFoundError">java.lang.NoClassDefFoundError: Test
	at java.lang.Class.getDeclaredMethods0(Native Method)
	at java.lang.Class.privateGetDeclaredMethods(Unknown Source)
	at java.lang.Class.getMethod0(Unknown Source)
	at java.lang.Class.getMethod(Unknown Source)
	at org.junit.internal.builders.SuiteMethodBuilder.hasSuiteMethod(SuiteMethodBuilder.java:20)
	at org.junit.internal.builders.SuiteMethodBuilder.runnerForClass(SuiteMethodBuilder.java:13)
	at org.junit.runners.model.RunnerBuilder.safeRunnerForClass(RunnerBuilder.java:57)
	at org.junit.internal.builders.AllDefaultPossibilitiesBuilder.runnerForClass(AllDefaultPossibilitiesBuilder.java:29)
	at org.junit.runners.model.RunnerBuilder.safeRunnerForClass(RunnerBuilder.java:57)
	at org.junit.internal.requests.ClassRequest.getRunner(ClassRequest.java:24)
	at org.apache.maven.surefire.junit4.JUnit4TestSet.&lt;init&gt;(JUnit4TestSet.java:45)
	at org.apache.maven.surefire.junit4.JUnit4DirectoryTestSuite.createTestSet(JUnit4DirectoryTestSuite.java:56)
	at org.apache.maven.surefire.suite.AbstractDirectoryTestSuite.locateTestSets(AbstractDirectoryTestSuite.java:96)
	at org.apache.maven.surefire.Surefire.createSuiteFromDefinition(Surefire.java:209)
	at org.apache.maven.surefire.Surefire.run(Surefire.java:156)
	at sun.reflect.NativeMethodAccessorImpl.invoke0(Native Method)
	at sun.reflect.NativeMethodAccessorImpl.invoke(Unknown Source)
	at sun.reflect.DelegatingMethodAccessorImpl.invoke(Unknown Source)
	at java.lang.reflect.Method.invoke(Unknown Source)
	at org.apache.maven.surefire.booter.SurefireBooter.runSuitesInProcess(SurefireBooter.java:345)
	at org.apache.maven.surefire.booter.SurefireBooter.main(SurefireBooter.java:1009)
Caused by: java.lang.ClassNotFoundException: Test
	at java.net.URLClassLoader$1.run(Unknown Source)
	at java.security.AccessController.doPrivileged(Native Method)
	at java.net.URLClassLoader.findClass(Unknown Source)
	at java.lang.ClassLoader.loadClass(Unknown Source)
	at sun.misc.Launcher$AppClassLoader.loadClass(Unknown Source)
	at java.lang.ClassLoader.loadClass(Unknown Source)
	... 21 more
</error>
  </testcase>
</testsuite>